# JRE version: Java(TM) SE Runtime Environment (19.0.2+7) (build 19.0.2+7-44)
# Java VM: Java HotSpot(TM) 64-Bit Server VM (19.0.2+7-44, mixed mode, sharing, tiered, compressed oops, compressed class ptrs, g1 gc, windows-amd64)
GC Precious Log:
 CardTable entry size: 512
 Card Set container configuration: InlinePtr #cards 5 size 8 Array Of Cards #cards 12 size 40 Howl #buckets 4 coarsen threshold 1843 Howl Bitmap #cards 512 size 80 coarsen threshold 460 Card regions per heap region 1 cards per card region 2048
 CPUs: 2 total, 2 available
 Memory: 3463M
 Large Page Support: Disabled
 NUMA Support: Disabled
 Compressed Oops: Enabled (32-bit)
 Heap Region Size: 1M
 Heap Min Capacity: 8M
 Heap Initial Capacity: 56M
 Heap Max Capacity: 2G
 Pre-touch: Disabled
 Parallel Workers: 2
 Concurrent Workers: 1
 Concurrent Refinement Workers: 2
 Periodic GC: Disabled
Heap:
 garbage-first heap   total 275456K, used 189181K [0x0000000080000000, 0x0000000100000000)
  region size 1024K, 38 young (38912K), 1 survivors (1024K)
 Metaspace       used 84926K, committed 86976K, reserved 1179648K
  class space    used 11641K, committed 12736K, reserved 1048576K
GC Heap History (20 events):
Event: 74.413 GC heap before
{Heap before GC invocations=36 (full 0):
 garbage-first heap   total 184320K, used 120271K [0x0000000080000000, 0x0000000100000000)
  region size 1024K, 20 young (20480K), 5 survivors (5120K)
 Metaspace       used 80318K, committed 82368K, reserved 1179648K
  class space    used 11006K, committed 12096K, reserved 1048576K
}
Event: 74.446 GC heap after
{Heap after GC invocations=37 (full 0):
 garbage-first heap   total 184320K, used 109471K [0x0000000080000000, 0x0000000100000000)
  region size 1024K, 5 young (5120K), 5 survivors (5120K)
 Metaspace       used 80318K, committed 82368K, reserved 1179648K
  class space    used 11006K, committed 12096K, reserved 1048576K
}
Event: 74.563 GC heap before
{Heap before GC invocations=37 (full 0):
 garbage-first heap   total 184320K, used 121759K [0x0000000080000000, 0x0000000100000000)
  region size 1024K, 6 young (6144K), 5 survivors (5120K)
 Metaspace       used 80318K, committed 82368K, reserved 1179648K
  class space    used 11006K, committed 12096K, reserved 1048576K
}
Event: 74.586 GC heap after
{Heap after GC invocations=38 (full 0):
 garbage-first heap   total 184320K, used 121913K [0x0000000080000000, 0x0000000100000000)
  region size 1024K, 3 young (3072K), 3 survivors (3072K)
 Metaspace       used 80318K, committed 82368K, reserved 1179648K
  class space    used 11006K, committed 12096K, reserved 1048576K
}
Event: 81.119 GC heap before
{Heap before GC invocations=39 (full 0):
 garbage-first heap   total 209920K, used 157753K [0x0000000080000000, 0x0000000100000000)
  region size 1024K, 36 young (36864K), 3 survivors (3072K)
 Metaspace       used 83515K, committed 85568K, reserved 1179648K
  class space    used 11470K, committed 12544K, reserved 1048576K
}
Event: 81.132 GC heap after
{Heap after GC invocations=40 (full 0):
 garbage-first heap   total 209920K, used 129487K [0x0000000080000000, 0x0000000100000000)
  region size 1024K, 5 young (5120K), 5 survivors (5120K)
 Metaspace       used 83515K, committed 85568K, reserved 1179648K
  class space    used 11470K, committed 12544K, reserved 1048576K
}
Event: 83.295 GC heap before
{Heap before GC invocations=40 (full 0):
 garbage-first heap   total 209920K, used 134607K [0x0000000080000000, 0x0000000100000000)
  region size 1024K, 10 young (10240K), 5 survivors (5120K)
 Metaspace       used 83563K, committed 85568K, reserved 1179648K
  class space    used 11470K, committed 12544K, reserved 1048576K
}
Event: 83.302 GC heap after
{Heap after GC invocations=41 (full 0):
 garbage-first heap   total 209920K, used 129407K [0x0000000080000000, 0x0000000100000000)
  region size 1024K, 1 young (1024K), 1 survivors (1024K)
 Metaspace       used 83563K, committed 85568K, reserved 1179648K
  class space    used 11470K, committed 12544K, reserved 1048576K
}
Event: 84.776 GC heap before
{Heap before GC invocations=41 (full 0):
 garbage-first heap   total 209920K, used 151935K [0x0000000080000000, 0x0000000100000000)
  region size 1024K, 25 young (25600K), 1 survivors (1024K)
 Metaspace       used 84866K, committed 86976K, reserved 1179648K
  class space    used 11639K, committed 12736K, reserved 1048576K
}
Event: 84.790 GC heap after
{Heap after GC invocations=42 (full 0):
 garbage-first heap   total 209920K, used 131399K [0x0000000080000000, 0x0000000100000000)
  region size 1024K, 3 young (3072K), 3 survivors (3072K)
 Metaspace       used 84866K, committed 86976K, reserved 1179648K
  class space    used 11639K, committed 12736K, reserved 1048576K
}
Event: 85.273 GC heap before
{Heap before GC invocations=43 (full 0):
 garbage-first heap   total 229376K, used 173383K [0x0000000080000000, 0x0000000100000000)
  region size 1024K, 41 young (41984K), 3 survivors (3072K)
 Metaspace       used 84872K, committed 86976K, reserved 1179648K
  class space    used 11639K, committed 12736K, reserved 1048576K
}
Event: 85.320 GC heap after
{Heap after GC invocations=44 (full 0):
 garbage-first heap   total 229376K, used 148169K [0x0000000080000000, 0x0000000100000000)
  region size 1024K, 6 young (6144K), 6 survivors (6144K)
 Metaspace       used 84872K, committed 86976K, reserved 1179648K
  class space    used 11639K, committed 12736K, reserved 1048576K
}
Event: 85.370 GC heap before
{Heap before GC invocations=44 (full 0):
 garbage-first heap   total 229376K, used 153289K [0x0000000080000000, 0x0000000100000000)
  region size 1024K, 11 young (11264K), 6 survivors (6144K)
 Metaspace       used 84872K, committed 86976K, reserved 1179648K
  class space    used 11639K, committed 12736K, reserved 1048576K
}
Event: 85.394 GC heap after
{Heap after GC invocations=45 (full 0):
 garbage-first heap   total 229376K, used 149504K [0x0000000080000000, 0x0000000100000000)
  region size 1024K, 2 young (2048K), 2 survivors (2048K)
 Metaspace       used 84872K, committed 86976K, reserved 1179648K
  class space    used 11639K, committed 12736K, reserved 1048576K
}
Event: 90.687 GC heap before
{Heap before GC invocations=45 (full 0):
 garbage-first heap   total 229376K, used 183296K [0x0000000080000000, 0x0000000100000000)
  region size 1024K, 36 young (36864K), 2 survivors (2048K)
 Metaspace       used 84917K, committed 86976K, reserved 1179648K
  class space    used 11640K, committed 12736K, reserved 1048576K
}
Event: 90.703 GC heap after
{Heap after GC invocations=46 (full 0):
 garbage-first heap   total 275456K, used 152091K [0x0000000080000000, 0x0000000100000000)
  region size 1024K, 5 young (5120K), 5 survivors (5120K)
 Metaspace       used 84917K, committed 86976K, reserved 1179648K
  class space    used 11640K, committed 12736K, reserved 1048576K
}
Event: 97.482 GC heap before
{Heap before GC invocations=47 (full 0):
 garbage-first heap   total 275456K, used 208411K [0x0000000080000000, 0x0000000100000000)
  region size 1024K, 62 young (63488K), 5 survivors (5120K)
 Metaspace       used 84921K, committed 86976K, reserved 1179648K
  class space    used 11641K, committed 12736K, reserved 1048576K
}
Event: 97.497 GC heap after
{Heap after GC invocations=48 (full 0):
 garbage-first heap   total 275456K, used 152965K [0x0000000080000000, 0x0000000100000000)
  region size 1024K, 6 young (6144K), 6 survivors (6144K)
 Metaspace       used 84921K, committed 86976K, reserved 1179648K
  class space    used 11641K, committed 12736K, reserved 1048576K
}
Event: 97.852 GC heap before
{Heap before GC invocations=48 (full 0):
 garbage-first heap   total 275456K, used 160133K [0x0000000080000000, 0x0000000100000000)
  region size 1024K, 13 young (13312K), 6 survivors (6144K)
 Metaspace       used 84924K, committed 86976K, reserved 1179648K
  class space    used 11641K, committed 12736K, reserved 1048576K
}
Event: 97.863 GC heap after
{Heap after GC invocations=49 (full 0):
 garbage-first heap   total 275456K, used 152317K [0x0000000080000000, 0x0000000100000000)
  region size 1024K, 1 young (1024K), 1 survivors (1024K)
 Metaspace       used 84924K, committed 86976K, reserved 1179648K
  class space    used 11641K, committed 12736K, reserved 1048576K
}

