# JRE version: Java(TM) SE Runtime Environment (19.0.2+7) (build 19.0.2+7-44)
# Java VM: Java HotSpot(TM) 64-Bit Server VM (19.0.2+7-44, mixed mode, sharing, tiered, compressed oops, compressed class ptrs, g1 gc, windows-amd64)
GC Precious Log:
 CardTable entry size: 512
 Card Set container configuration: InlinePtr #cards 5 size 8 Array Of Cards #cards 12 size 40 Howl #buckets 4 coarsen threshold 1843 Howl Bitmap #cards 512 size 80 coarsen threshold 460 Card regions per heap region 1 cards per card region 2048
 CPUs: 2 total, 2 available
 Memory: 3463M
 Large Page Support: Disabled
 NUMA Support: Disabled
 Compressed Oops: Enabled (32-bit)
 Heap Region Size: 1M
 Heap Min Capacity: 8M
 Heap Initial Capacity: 56M
 Heap Max Capacity: 2G
 Pre-touch: Disabled
 Parallel Workers: 2
 Concurrent Workers: 1
 Concurrent Refinement Workers: 2
 Periodic GC: Disabled
Heap:
 garbage-first heap   total 362496K, used 253440K [0x0000000080000000, 0x0000000100000000)
  region size 1024K, 36 young (36864K), 6 survivors (6144K)
 Metaspace       used 155386K, committed 157952K, reserved 1245184K
  class space    used 19715K, committed 21056K, reserved 1048576K
GC Heap History (20 events):
Event: 167.277 GC heap before
{Heap before GC invocations=35 (full 0):
 garbage-first heap   total 321536K, used 281271K [0x0000000080000000, 0x0000000100000000)
  region size 1024K, 188 young (192512K), 13 survivors (13312K)
 Metaspace       used 119313K, committed 121600K, reserved 1179648K
  class space    used 15312K, committed 16512K, reserved 1048576K
}
Event: 167.568 GC heap after
{Heap after GC invocations=36 (full 0):
 garbage-first heap   total 321536K, used 107884K [0x0000000080000000, 0x0000000100000000)
  region size 1024K, 23 young (23552K), 23 survivors (23552K)
 Metaspace       used 119313K, committed 121600K, reserved 1179648K
  class space    used 15312K, committed 16512K, reserved 1048576K
}
Event: 167.612 GC heap before
{Heap before GC invocations=36 (full 0):
 garbage-first heap   total 321536K, used 108908K [0x0000000080000000, 0x0000000100000000)
  region size 1024K, 24 young (24576K), 23 survivors (23552K)
 Metaspace       used 119377K, committed 121664K, reserved 1179648K
  class space    used 15318K, committed 16512K, reserved 1048576K
}
Event: 168.360 GC heap after
{Heap after GC invocations=37 (full 0):
 garbage-first heap   total 321536K, used 108111K [0x0000000080000000, 0x0000000100000000)
  region size 1024K, 1 young (1024K), 1 survivors (1024K)
 Metaspace       used 119377K, committed 121664K, reserved 1179648K
  class space    used 15318K, committed 16512K, reserved 1048576K
}
Event: 174.435 GC heap before
{Heap before GC invocations=37 (full 0):
 garbage-first heap   total 321536K, used 191055K [0x0000000080000000, 0x0000000100000000)
  region size 1024K, 82 young (83968K), 1 survivors (1024K)
 Metaspace       used 123454K, committed 125824K, reserved 1179648K
  class space    used 15799K, committed 17088K, reserved 1048576K
}
Event: 174.458 GC heap after
{Heap after GC invocations=38 (full 0):
 garbage-first heap   total 321536K, used 116303K [0x0000000080000000, 0x0000000100000000)
  region size 1024K, 9 young (9216K), 9 survivors (9216K)
 Metaspace       used 123454K, committed 125824K, reserved 1179648K
  class space    used 15799K, committed 17088K, reserved 1048576K
}
Event: 174.990 GC heap before
{Heap before GC invocations=38 (full 0):
 garbage-first heap   total 321536K, used 143951K [0x0000000080000000, 0x0000000100000000)
  region size 1024K, 36 young (36864K), 9 survivors (9216K)
 Metaspace       used 123713K, committed 126080K, reserved 1179648K
  class space    used 15806K, committed 17088K, reserved 1048576K
}
Event: 175.015 GC heap after
{Heap after GC invocations=39 (full 0):
 garbage-first heap   total 321536K, used 118272K [0x0000000080000000, 0x0000000100000000)
  region size 1024K, 3 young (3072K), 3 survivors (3072K)
 Metaspace       used 123713K, committed 126080K, reserved 1179648K
  class space    used 15806K, committed 17088K, reserved 1048576K
}
Event: 189.418 GC heap before
{Heap before GC invocations=39 (full 0):
 garbage-first heap   total 321536K, used 260608K [0x0000000080000000, 0x0000000100000000)
  region size 1024K, 141 young (144384K), 3 survivors (3072K)
 Metaspace       used 131853K, committed 134208K, reserved 1179648K
  class space    used 16706K, committed 17984K, reserved 1048576K
}
Event: 189.452 GC heap after
{Heap after GC invocations=40 (full 0):
 garbage-first heap   total 321536K, used 128679K [0x0000000080000000, 0x0000000100000000)
  region size 1024K, 13 young (13312K), 13 survivors (13312K)
 Metaspace       used 131853K, committed 134208K, reserved 1179648K
  class space    used 16706K, committed 17984K, reserved 1048576K
}
Event: 195.443 GC heap before
{Heap before GC invocations=40 (full 0):
 garbage-first heap   total 321536K, used 204455K [0x0000000080000000, 0x0000000100000000)
  region size 1024K, 87 young (89088K), 13 survivors (13312K)
 Metaspace       used 137426K, committed 139904K, reserved 1179648K
  class space    used 17542K, committed 18880K, reserved 1048576K
}
Event: 195.500 GC heap after
{Heap after GC invocations=41 (full 0):
 garbage-first heap   total 321536K, used 125621K [0x0000000080000000, 0x0000000100000000)
  region size 1024K, 5 young (5120K), 5 survivors (5120K)
 Metaspace       used 137426K, committed 139904K, reserved 1179648K
  class space    used 17542K, committed 18880K, reserved 1048576K
}
Event: 213.870 GC heap before
{Heap before GC invocations=41 (full 0):
 garbage-first heap   total 321536K, used 265909K [0x0000000080000000, 0x0000000100000000)
  region size 1024K, 138 young (141312K), 5 survivors (5120K)
 Metaspace       used 146389K, committed 148928K, reserved 1179648K
  class space    used 18664K, committed 20032K, reserved 1048576K
}
Event: 213.916 GC heap after
{Heap after GC invocations=42 (full 0):
 garbage-first heap   total 321536K, used 138421K [0x0000000080000000, 0x0000000100000000)
  region size 1024K, 17 young (17408K), 17 survivors (17408K)
 Metaspace       used 146389K, committed 148928K, reserved 1179648K
  class space    used 18664K, committed 20032K, reserved 1048576K
}
Event: 232.454 GC heap before
{Heap before GC invocations=42 (full 0):
 garbage-first heap   total 321536K, used 239797K [0x0000000080000000, 0x0000000100000000)
  region size 1024K, 117 young (119808K), 17 survivors (17408K)
 Metaspace       used 149493K, committed 152000K, reserved 1245184K
  class space    used 18979K, committed 20352K, reserved 1048576K
}
Event: 232.577 GC heap after
{Heap after GC invocations=43 (full 0):
 garbage-first heap   total 321536K, used 146406K [0x0000000080000000, 0x0000000100000000)
  region size 1024K, 9 young (9216K), 9 survivors (9216K)
 Metaspace       used 149493K, committed 152000K, reserved 1245184K
  class space    used 18979K, committed 20352K, reserved 1048576K
}
Event: 254.230 GC heap before
{Heap before GC invocations=43 (full 0):
 garbage-first heap   total 321536K, used 269286K [0x0000000080000000, 0x0000000100000000)
  region size 1024K, 120 young (122880K), 9 survivors (9216K)
 Metaspace       used 151610K, committed 154240K, reserved 1245184K
  class space    used 19213K, committed 20608K, reserved 1048576K
}
Event: 254.315 GC heap after
{Heap after GC invocations=44 (full 0):
 garbage-first heap   total 321536K, used 167424K [0x0000000080000000, 0x0000000100000000)
  region size 1024K, 12 young (12288K), 12 survivors (12288K)
 Metaspace       used 151610K, committed 154240K, reserved 1245184K
  class space    used 19213K, committed 20608K, reserved 1048576K
}
Event: 262.349 GC heap before
{Heap before GC invocations=44 (full 0):
 garbage-first heap   total 321536K, used 235008K [0x0000000080000000, 0x0000000100000000)
  region size 1024K, 59 young (60416K), 12 survivors (12288K)
 Metaspace       used 155080K, committed 157696K, reserved 1245184K
  class space    used 19675K, committed 21056K, reserved 1048576K
}
Event: 262.454 GC heap after
{Heap after GC invocations=45 (full 0):
 garbage-first heap   total 321536K, used 189952K [0x0000000080000000, 0x0000000100000000)
  region size 1024K, 6 young (6144K), 6 survivors (6144K)
 Metaspace       used 155080K, committed 157696K, reserved 1245184K
  class space    used 19675K, committed 21056K, reserved 1048576K
}

