# JRE version: Java(TM) SE Runtime Environment (19.0.2+7) (build 19.0.2+7-44)
# Java VM: Java HotSpot(TM) 64-Bit Server VM (19.0.2+7-44, mixed mode, sharing, tiered, compressed oops, compressed class ptrs, g1 gc, windows-amd64)
GC Precious Log:
 CardTable entry size: 512
 Card Set container configuration: InlinePtr #cards 5 size 8 Array Of Cards #cards 12 size 40 Howl #buckets 4 coarsen threshold 1843 Howl Bitmap #cards 512 size 80 coarsen threshold 460 Card regions per heap region 1 cards per card region 2048
 CPUs: 2 total, 2 available
 Memory: 3463M
 Large Page Support: Disabled
 NUMA Support: Disabled
 Compressed Oops: Enabled (32-bit)
 Heap Region Size: 1M
 Heap Min Capacity: 8M
 Heap Initial Capacity: 56M
 Heap Max Capacity: 2G
 Pre-touch: Disabled
 Parallel Workers: 2
 Concurrent Workers: 1
 Concurrent Refinement Workers: 2
 Periodic GC: Disabled
Heap:
 garbage-first heap   total 388096K, used 249344K [0x0000000080000000, 0x0000000100000000)
  region size 1024K, 3 young (3072K), 3 survivors (3072K)
 Metaspace       used 99364K, committed 101440K, reserved 1179648K
  class space    used 13606K, committed 14720K, reserved 1048576K
GC Heap History (20 events):
Event: 210.746 GC heap after
{Heap after GC invocations=66 (full 0):
 garbage-first heap   total 193536K, used 125023K [0x0000000080000000, 0x0000000100000000)
  region size 1024K, 1 young (1024K), 1 survivors (1024K)
 Metaspace       used 92677K, committed 94720K, reserved 1179648K
  class space    used 12587K, committed 13696K, reserved 1048576K
}
Event: 211.162 GC heap before
{Heap before GC invocations=66 (full 0):
 garbage-first heap   total 193536K, used 191583K [0x0000000080000000, 0x0000000100000000)
  region size 1024K, 23 young (23552K), 1 survivors (1024K)
 Metaspace       used 93294K, committed 95360K, reserved 1179648K
  class space    used 12672K, committed 13760K, reserved 1048576K
}
Event: 211.174 GC heap after
{Heap after GC invocations=67 (full 0):
 garbage-first heap   total 200704K, used 148763K [0x0000000080000000, 0x0000000100000000)
  region size 1024K, 4 young (4096K), 4 survivors (4096K)
 Metaspace       used 93294K, committed 95360K, reserved 1179648K
  class space    used 12672K, committed 13760K, reserved 1048576K
}
Event: 211.174 GC heap before
{Heap before GC invocations=67 (full 0):
 garbage-first heap   total 200704K, used 148763K [0x0000000080000000, 0x0000000100000000)
  region size 1024K, 5 young (5120K), 4 survivors (4096K)
 Metaspace       used 93294K, committed 95360K, reserved 1179648K
  class space    used 12672K, committed 13760K, reserved 1048576K
}
Event: 211.181 GC heap after
{Heap after GC invocations=68 (full 0):
 garbage-first heap   total 200704K, used 149026K [0x0000000080000000, 0x0000000100000000)
  region size 1024K, 1 young (1024K), 1 survivors (1024K)
 Metaspace       used 93294K, committed 95360K, reserved 1179648K
  class space    used 12672K, committed 13760K, reserved 1048576K
}
Event: 213.181 GC heap before
{Heap before GC invocations=69 (full 0):
 garbage-first heap   total 268288K, used 169506K [0x0000000080000000, 0x0000000100000000)
  region size 1024K, 18 young (18432K), 1 survivors (1024K)
 Metaspace       used 93872K, committed 95872K, reserved 1179648K
  class space    used 12752K, committed 13824K, reserved 1048576K
}
Event: 213.205 GC heap after
{Heap after GC invocations=70 (full 0):
 garbage-first heap   total 346112K, used 156564K [0x0000000080000000, 0x0000000100000000)
  region size 1024K, 3 young (3072K), 3 survivors (3072K)
 Metaspace       used 93872K, committed 95872K, reserved 1179648K
  class space    used 12752K, committed 13824K, reserved 1048576K
}
Event: 213.404 GC heap before
{Heap before GC invocations=70 (full 0):
 garbage-first heap   total 346112K, used 168852K [0x0000000080000000, 0x0000000100000000)
  region size 1024K, 16 young (16384K), 3 survivors (3072K)
 Metaspace       used 94034K, committed 96128K, reserved 1179648K
  class space    used 12770K, committed 13888K, reserved 1048576K
}
Event: 213.446 GC heap after
{Heap after GC invocations=71 (full 0):
 garbage-first heap   total 346112K, used 160533K [0x0000000080000000, 0x0000000100000000)
  region size 1024K, 2 young (2048K), 2 survivors (2048K)
 Metaspace       used 94034K, committed 96128K, reserved 1179648K
  class space    used 12770K, committed 13888K, reserved 1048576K
}
Event: 213.688 GC heap before
{Heap before GC invocations=71 (full 0):
 garbage-first heap   total 346112K, used 173845K [0x0000000080000000, 0x0000000100000000)
  region size 1024K, 16 young (16384K), 2 survivors (2048K)
 Metaspace       used 94414K, committed 96448K, reserved 1179648K
  class space    used 12817K, committed 13888K, reserved 1048576K
}
Event: 213.725 GC heap after
{Heap after GC invocations=72 (full 0):
 garbage-first heap   total 346112K, used 164228K [0x0000000080000000, 0x0000000100000000)
  region size 1024K, 6 young (6144K), 6 survivors (6144K)
 Metaspace       used 94414K, committed 96448K, reserved 1179648K
  class space    used 12817K, committed 13888K, reserved 1048576K
}
Event: 217.915 GC heap before
{Heap before GC invocations=73 (full 0):
 garbage-first heap   total 346112K, used 257412K [0x0000000080000000, 0x0000000100000000)
  region size 1024K, 92 young (94208K), 6 survivors (6144K)
 Metaspace       used 98788K, committed 100864K, reserved 1179648K
  class space    used 13550K, committed 14656K, reserved 1048576K
}
Event: 218.044 GC heap after
{Heap after GC invocations=74 (full 0):
 garbage-first heap   total 346112K, used 194119K [0x0000000080000000, 0x0000000100000000)
  region size 1024K, 12 young (12288K), 12 survivors (12288K)
 Metaspace       used 98788K, committed 100864K, reserved 1179648K
  class space    used 13550K, committed 14656K, reserved 1048576K
}
Event: 218.200 GC heap before
{Heap before GC invocations=74 (full 0):
 garbage-first heap   total 346112K, used 198215K [0x0000000080000000, 0x0000000100000000)
  region size 1024K, 16 young (16384K), 12 survivors (12288K)
 Metaspace       used 98852K, committed 100928K, reserved 1179648K
  class space    used 13552K, committed 14656K, reserved 1048576K
}
Event: 218.275 GC heap after
{Heap after GC invocations=75 (full 0):
 garbage-first heap   total 346112K, used 195584K [0x0000000080000000, 0x0000000100000000)
  region size 1024K, 2 young (2048K), 2 survivors (2048K)
 Metaspace       used 98852K, committed 100928K, reserved 1179648K
  class space    used 13552K, committed 14656K, reserved 1048576K
}
Event: 220.984 GC heap before
{Heap before GC invocations=75 (full 0):
 garbage-first heap   total 346112K, used 258048K [0x0000000080000000, 0x0000000100000000)
  region size 1024K, 64 young (65536K), 2 survivors (2048K)
 Metaspace       used 99135K, committed 101184K, reserved 1179648K
  class space    used 13576K, committed 14656K, reserved 1048576K
}
Event: 221.132 GC heap after
{Heap after GC invocations=76 (full 0):
 garbage-first heap   total 346112K, used 225280K [0x0000000080000000, 0x0000000100000000)
  region size 1024K, 8 young (8192K), 8 survivors (8192K)
 Metaspace       used 99135K, committed 101184K, reserved 1179648K
  class space    used 13576K, committed 14656K, reserved 1048576K
}
Event: 224.232 GC heap before
{Heap before GC invocations=77 (full 0):
 garbage-first heap   total 388096K, used 268288K [0x0000000080000000, 0x0000000100000000)
  region size 1024K, 52 young (53248K), 8 survivors (8192K)
 Metaspace       used 99364K, committed 101440K, reserved 1179648K
  class space    used 13606K, committed 14720K, reserved 1048576K
}
Event: 224.436 GC heap after
{Heap after GC invocations=78 (full 0):
 garbage-first heap   total 388096K, used 244736K [0x0000000080000000, 0x0000000100000000)
  region size 1024K, 7 young (7168K), 7 survivors (7168K)
 Metaspace       used 99364K, committed 101440K, reserved 1179648K
  class space    used 13606K, committed 14720K, reserved 1048576K
}
Event: 224.851 GC heap before
{Heap before GC invocations=78 (full 0):
 garbage-first heap   total 388096K, used 256000K [0x0000000080000000, 0x0000000100000000)
  region size 1024K, 18 young (18432K), 7 survivors (7168K)
 Metaspace       used 99364K, committed 101440K, reserved 1179648K
  class space    used 13606K, committed 14720K, reserved 1048576K
}

