# JRE version: Java(TM) SE Runtime Environment (19.0.2+7) (build 19.0.2+7-44)
# Java VM: Java HotSpot(TM) 64-Bit Server VM (19.0.2+7-44, mixed mode, sharing, tiered, compressed oops, compressed class ptrs, g1 gc, windows-amd64)
GC Precious Log:
 CardTable entry size: 512
 Card Set container configuration: InlinePtr #cards 5 size 8 Array Of Cards #cards 12 size 40 Howl #buckets 4 coarsen threshold 1843 Howl Bitmap #cards 512 size 80 coarsen threshold 460 Card regions per heap region 1 cards per card region 2048
 CPUs: 2 total, 2 available
 Memory: 3463M
 Large Page Support: Disabled
 NUMA Support: Disabled
 Compressed Oops: Enabled (32-bit)
 Heap Region Size: 1M
 Heap Min Capacity: 8M
 Heap Initial Capacity: 56M
 Heap Max Capacity: 2G
 Pre-touch: Disabled
 Parallel Workers: 2
 Concurrent Workers: 1
 Concurrent Refinement Workers: 2
 Periodic GC: Disabled
Heap:
 garbage-first heap   total 486400K, used 212191K [0x0000000080000000, 0x0000000100000000)
  region size 1024K, 6 young (6144K), 2 survivors (2048K)
 Metaspace       used 109254K, committed 111616K, reserved 1179648K
  class space    used 14445K, committed 15680K, reserved 1048576K
GC Heap History (20 events):
Event: 295.305 GC heap before
{Heap before GC invocations=74 (full 0):
 garbage-first heap   total 304128K, used 200250K [0x0000000080000000, 0x0000000100000000)
  region size 1024K, 14 young (14336K), 7 survivors (7168K)
 Metaspace       used 103704K, committed 106048K, reserved 1179648K
  class space    used 13792K, committed 15040K, reserved 1048576K
}
Event: 295.526 GC heap after
{Heap after GC invocations=75 (full 0):
 garbage-first heap   total 304128K, used 193536K [0x0000000080000000, 0x0000000100000000)
  region size 1024K, 1 young (1024K), 1 survivors (1024K)
 Metaspace       used 103704K, committed 106048K, reserved 1179648K
  class space    used 13792K, committed 15040K, reserved 1048576K
}
Event: 302.371 GC heap before
{Heap before GC invocations=76 (full 0):
 garbage-first heap   total 339968K, used 207872K [0x0000000080000000, 0x0000000100000000)
  region size 1024K, 16 young (16384K), 1 survivors (1024K)
 Metaspace       used 104344K, committed 106752K, reserved 1179648K
  class space    used 13867K, committed 15168K, reserved 1048576K
}
Event: 302.506 GC heap after
{Heap after GC invocations=77 (full 0):
 garbage-first heap   total 339968K, used 194560K [0x0000000080000000, 0x0000000100000000)
  region size 1024K, 2 young (2048K), 2 survivors (2048K)
 Metaspace       used 104344K, committed 106752K, reserved 1179648K
  class space    used 13867K, committed 15168K, reserved 1048576K
}
Event: 304.075 GC heap before
{Heap before GC invocations=77 (full 0):
 garbage-first heap   total 339968K, used 208896K [0x0000000080000000, 0x0000000100000000)
  region size 1024K, 16 young (16384K), 2 survivors (2048K)
 Metaspace       used 104665K, committed 107008K, reserved 1179648K
  class space    used 13902K, committed 15168K, reserved 1048576K
}
Event: 304.107 GC heap after
{Heap after GC invocations=78 (full 0):
 garbage-first heap   total 486400K, used 193655K [0x0000000080000000, 0x0000000100000000)
  region size 1024K, 2 young (2048K), 2 survivors (2048K)
 Metaspace       used 104665K, committed 107008K, reserved 1179648K
  class space    used 13902K, committed 15168K, reserved 1048576K
}
Event: 313.329 GC heap before
{Heap before GC invocations=78 (full 0):
 garbage-first heap   total 486400K, used 215159K [0x0000000080000000, 0x0000000100000000)
  region size 1024K, 23 young (23552K), 2 survivors (2048K)
 Metaspace       used 104720K, committed 107072K, reserved 1179648K
  class space    used 13905K, committed 15168K, reserved 1048576K
}
Event: 313.361 GC heap after
{Heap after GC invocations=79 (full 0):
 garbage-first heap   total 486400K, used 197138K [0x0000000080000000, 0x0000000100000000)
  region size 1024K, 3 young (3072K), 3 survivors (3072K)
 Metaspace       used 104720K, committed 107072K, reserved 1179648K
  class space    used 13905K, committed 15168K, reserved 1048576K
}
Event: 325.109 GC heap before
{Heap before GC invocations=79 (full 0):
 garbage-first heap   total 486400K, used 217618K [0x0000000080000000, 0x0000000100000000)
  region size 1024K, 23 young (23552K), 3 survivors (3072K)
 Metaspace       used 105230K, committed 107584K, reserved 1179648K
  class space    used 13992K, committed 15296K, reserved 1048576K
}
Event: 325.175 GC heap after
{Heap after GC invocations=80 (full 0):
 garbage-first heap   total 486400K, used 200584K [0x0000000080000000, 0x0000000100000000)
  region size 1024K, 3 young (3072K), 3 survivors (3072K)
 Metaspace       used 105230K, committed 107584K, reserved 1179648K
  class space    used 13992K, committed 15296K, reserved 1048576K
}
Event: 341.070 GC heap before
{Heap before GC invocations=80 (full 0):
 garbage-first heap   total 486400K, used 220040K [0x0000000080000000, 0x0000000100000000)
  region size 1024K, 23 young (23552K), 3 survivors (3072K)
 Metaspace       used 105434K, committed 107840K, reserved 1179648K
  class space    used 14008K, committed 15296K, reserved 1048576K
}
Event: 341.668 GC heap after
{Heap after GC invocations=81 (full 0):
 garbage-first heap   total 486400K, used 202653K [0x0000000080000000, 0x0000000100000000)
  region size 1024K, 2 young (2048K), 2 survivors (2048K)
 Metaspace       used 105434K, committed 107840K, reserved 1179648K
  class space    used 14008K, committed 15296K, reserved 1048576K
}
Event: 350.740 GC heap before
{Heap before GC invocations=81 (full 0):
 garbage-first heap   total 486400K, used 223133K [0x0000000080000000, 0x0000000100000000)
  region size 1024K, 23 young (23552K), 2 survivors (2048K)
 Metaspace       used 105628K, committed 107968K, reserved 1179648K
  class space    used 14031K, committed 15296K, reserved 1048576K
}
Event: 351.206 GC heap after
{Heap after GC invocations=82 (full 0):
 garbage-first heap   total 486400K, used 204509K [0x0000000080000000, 0x0000000100000000)
  region size 1024K, 2 young (2048K), 2 survivors (2048K)
 Metaspace       used 105628K, committed 107968K, reserved 1179648K
  class space    used 14031K, committed 15296K, reserved 1048576K
}
Event: 363.544 GC heap before
{Heap before GC invocations=82 (full 0):
 garbage-first heap   total 486400K, used 224989K [0x0000000080000000, 0x0000000100000000)
  region size 1024K, 23 young (23552K), 2 survivors (2048K)
 Metaspace       used 107462K, committed 109824K, reserved 1179648K
  class space    used 14253K, committed 15488K, reserved 1048576K
}
Event: 363.574 GC heap after
{Heap after GC invocations=83 (full 0):
 garbage-first heap   total 486400K, used 205438K [0x0000000080000000, 0x0000000100000000)
  region size 1024K, 1 young (1024K), 1 survivors (1024K)
 Metaspace       used 107462K, committed 109824K, reserved 1179648K
  class space    used 14253K, committed 15488K, reserved 1048576K
}
Event: 369.793 GC heap before
{Heap before GC invocations=83 (full 0):
 garbage-first heap   total 486400K, used 226942K [0x0000000080000000, 0x0000000100000000)
  region size 1024K, 23 young (23552K), 1 survivors (1024K)
 Metaspace       used 108847K, committed 111104K, reserved 1179648K
  class space    used 14393K, committed 15616K, reserved 1048576K
}
Event: 369.833 GC heap after
{Heap after GC invocations=84 (full 0):
 garbage-first heap   total 486400K, used 207465K [0x0000000080000000, 0x0000000100000000)
  region size 1024K, 3 young (3072K), 3 survivors (3072K)
 Metaspace       used 108847K, committed 111104K, reserved 1179648K
  class space    used 14393K, committed 15616K, reserved 1048576K
}
Event: 374.328 GC heap before
{Heap before GC invocations=84 (full 0):
 garbage-first heap   total 486400K, used 226921K [0x0000000080000000, 0x0000000100000000)
  region size 1024K, 23 young (23552K), 3 survivors (3072K)
 Metaspace       used 109253K, committed 111616K, reserved 1179648K
  class space    used 14445K, committed 15680K, reserved 1048576K
}
Event: 374.428 GC heap after
{Heap after GC invocations=85 (full 0):
 garbage-first heap   total 486400K, used 209119K [0x0000000080000000, 0x0000000100000000)
  region size 1024K, 2 young (2048K), 2 survivors (2048K)
 Metaspace       used 109253K, committed 111616K, reserved 1179648K
  class space    used 14445K, committed 15680K, reserved 1048576K
}

