# JRE version: Java(TM) SE Runtime Environment (19.0.2+7) (build 19.0.2+7-44)
# Java VM: Java HotSpot(TM) 64-Bit Server VM (19.0.2+7-44, mixed mode, sharing, tiered, compressed oops, compressed class ptrs, g1 gc, windows-amd64)
GC Precious Log:
 CardTable entry size: 512
 Card Set container configuration: InlinePtr #cards 5 size 8 Array Of Cards #cards 12 size 40 Howl #buckets 4 coarsen threshold 1843 Howl Bitmap #cards 512 size 80 coarsen threshold 460 Card regions per heap region 1 cards per card region 2048
 CPUs: 2 total, 2 available
 Memory: 3463M
 Large Page Support: Disabled
 NUMA Support: Disabled
 Compressed Oops: Enabled (32-bit)
 Heap Region Size: 1M
 Heap Min Capacity: 8M
 Heap Initial Capacity: 56M
 Heap Max Capacity: 2G
 Pre-touch: Disabled
 Parallel Workers: 2
 Concurrent Workers: 1
 Concurrent Refinement Workers: 2
 Periodic GC: Disabled
Heap:
 garbage-first heap   total 326656K, used 207319K [0x0000000080000000, 0x0000000100000000)
  region size 1024K, 20 young (20480K), 2 survivors (2048K)
 Metaspace       used 142221K, committed 144704K, reserved 1179648K
  class space    used 18203K, committed 19584K, reserved 1048576K
GC Heap History (20 events):
Event: 139.117 GC heap before
{Heap before GC invocations=54 (full 0):
 garbage-first heap   total 260096K, used 157438K [0x0000000080000000, 0x0000000100000000)
  region size 1024K, 12 young (12288K), 7 survivors (7168K)
 Metaspace       used 126078K, committed 128448K, reserved 1179648K
  class space    used 16115K, committed 17408K, reserved 1048576K
}
Event: 139.146 GC heap after
{Heap after GC invocations=55 (full 0):
 garbage-first heap   total 260096K, used 150994K [0x0000000080000000, 0x0000000100000000)
  region size 1024K, 2 young (2048K), 2 survivors (2048K)
 Metaspace       used 126078K, committed 128448K, reserved 1179648K
  class space    used 16115K, committed 17408K, reserved 1048576K
}
Event: 145.448 GC heap before
{Heap before GC invocations=55 (full 0):
 garbage-first heap   total 260096K, used 214482K [0x0000000080000000, 0x0000000100000000)
  region size 1024K, 65 young (66560K), 2 survivors (2048K)
 Metaspace       used 131134K, committed 133504K, reserved 1179648K
  class space    used 16541K, committed 17792K, reserved 1048576K
}
Event: 145.465 GC heap after
{Heap after GC invocations=56 (full 0):
 garbage-first heap   total 260096K, used 155477K [0x0000000080000000, 0x0000000100000000)
  region size 1024K, 6 young (6144K), 6 survivors (6144K)
 Metaspace       used 131134K, committed 133504K, reserved 1179648K
  class space    used 16541K, committed 17792K, reserved 1048576K
}
Event: 150.989 GC heap before
{Heap before GC invocations=57 (full 0):
 garbage-first heap   total 261120K, used 217941K [0x0000000080000000, 0x0000000100000000)
  region size 1024K, 66 young (67584K), 6 survivors (6144K)
 Metaspace       used 135495K, committed 137920K, reserved 1179648K
  class space    used 17292K, committed 18560K, reserved 1048576K
}
Event: 151.029 GC heap after
{Heap after GC invocations=58 (full 0):
 garbage-first heap   total 261120K, used 157783K [0x0000000080000000, 0x0000000100000000)
  region size 1024K, 3 young (3072K), 3 survivors (3072K)
 Metaspace       used 135495K, committed 137920K, reserved 1179648K
  class space    used 17292K, committed 18560K, reserved 1048576K
}
Event: 151.460 GC heap before
{Heap before GC invocations=58 (full 0):
 garbage-first heap   total 261120K, used 166999K [0x0000000080000000, 0x0000000100000000)
  region size 1024K, 12 young (12288K), 3 survivors (3072K)
 Metaspace       used 136119K, committed 138624K, reserved 1179648K
  class space    used 17381K, committed 18688K, reserved 1048576K
}
Event: 151.476 GC heap after
{Heap after GC invocations=59 (full 0):
 garbage-first heap   total 261120K, used 156382K [0x0000000080000000, 0x0000000100000000)
  region size 1024K, 1 young (1024K), 1 survivors (1024K)
 Metaspace       used 136119K, committed 138624K, reserved 1179648K
  class space    used 17381K, committed 18688K, reserved 1048576K
}
Event: 152.878 GC heap before
{Heap before GC invocations=59 (full 0):
 garbage-first heap   total 261120K, used 170718K [0x0000000080000000, 0x0000000100000000)
  region size 1024K, 17 young (17408K), 1 survivors (1024K)
 Metaspace       used 137712K, committed 140160K, reserved 1179648K
  class space    used 17571K, committed 18880K, reserved 1048576K
}
Event: 152.889 GC heap after
{Heap after GC invocations=60 (full 0):
 garbage-first heap   total 261120K, used 149732K [0x0000000080000000, 0x0000000100000000)
  region size 1024K, 2 young (2048K), 2 survivors (2048K)
 Metaspace       used 137712K, committed 140160K, reserved 1179648K
  class space    used 17571K, committed 18880K, reserved 1048576K
}
Event: 177.588 GC heap before
{Heap before GC invocations=61 (full 0):
 garbage-first heap   total 261120K, used 242916K [0x0000000080000000, 0x0000000100000000)
  region size 1024K, 70 young (71680K), 2 survivors (2048K)
 Metaspace       used 142200K, committed 144704K, reserved 1179648K
  class space    used 18203K, committed 19584K, reserved 1048576K
}
Event: 177.701 GC heap after
{Heap after GC invocations=62 (full 0):
 garbage-first heap   total 261120K, used 186054K [0x0000000080000000, 0x0000000100000000)
  region size 1024K, 9 young (9216K), 9 survivors (9216K)
 Metaspace       used 142200K, committed 144704K, reserved 1179648K
  class space    used 18203K, committed 19584K, reserved 1048576K
}
Event: 177.726 GC heap before
{Heap before GC invocations=62 (full 0):
 garbage-first heap   total 261120K, used 189126K [0x0000000080000000, 0x0000000100000000)
  region size 1024K, 12 young (12288K), 9 survivors (9216K)
 Metaspace       used 142200K, committed 144704K, reserved 1179648K
  class space    used 18203K, committed 19584K, reserved 1048576K
}
Event: 177.760 GC heap after
{Heap after GC invocations=63 (full 0):
 garbage-first heap   total 261120K, used 181027K [0x0000000080000000, 0x0000000100000000)
  region size 1024K, 2 young (2048K), 2 survivors (2048K)
 Metaspace       used 142200K, committed 144704K, reserved 1179648K
  class space    used 18203K, committed 19584K, reserved 1048576K
}
Event: 178.565 GC heap before
{Heap before GC invocations=63 (full 0):
 garbage-first heap   total 261120K, used 220963K [0x0000000080000000, 0x0000000100000000)
  region size 1024K, 42 young (43008K), 2 survivors (2048K)
 Metaspace       used 142201K, committed 144704K, reserved 1179648K
  class space    used 18203K, committed 19584K, reserved 1048576K
}
Event: 178.660 GC heap after
{Heap after GC invocations=64 (full 0):
 garbage-first heap   total 261120K, used 195343K [0x0000000080000000, 0x0000000100000000)
  region size 1024K, 6 young (6144K), 6 survivors (6144K)
 Metaspace       used 142201K, committed 144704K, reserved 1179648K
  class space    used 18203K, committed 19584K, reserved 1048576K
}
Event: 183.122 GC heap before
{Heap before GC invocations=65 (full 0):
 garbage-first heap   total 326656K, used 210703K [0x0000000080000000, 0x0000000100000000)
  region size 1024K, 26 young (26624K), 6 survivors (6144K)
 Metaspace       used 142221K, committed 144704K, reserved 1179648K
  class space    used 18203K, committed 19584K, reserved 1048576K
}
Event: 183.145 GC heap after
{Heap after GC invocations=66 (full 0):
 garbage-first heap   total 326656K, used 193464K [0x0000000080000000, 0x0000000100000000)
  region size 1024K, 2 young (2048K), 2 survivors (2048K)
 Metaspace       used 142221K, committed 144704K, reserved 1179648K
  class space    used 18203K, committed 19584K, reserved 1048576K
}
Event: 184.882 GC heap before
{Heap before GC invocations=66 (full 0):
 garbage-first heap   total 326656K, used 205752K [0x0000000080000000, 0x0000000100000000)
  region size 1024K, 15 young (15360K), 2 survivors (2048K)
 Metaspace       used 142221K, committed 144704K, reserved 1179648K
  class space    used 18203K, committed 19584K, reserved 1048576K
}
Event: 184.891 GC heap after
{Heap after GC invocations=67 (full 0):
 garbage-first heap   total 326656K, used 189911K [0x0000000080000000, 0x0000000100000000)
  region size 1024K, 2 young (2048K), 2 survivors (2048K)
 Metaspace       used 142221K, committed 144704K, reserved 1179648K
  class space    used 18203K, committed 19584K, reserved 1048576K
}

