# JRE version: Java(TM) SE Runtime Environment (19.0.2+7) (build 19.0.2+7-44)
# Java VM: Java HotSpot(TM) 64-Bit Server VM (19.0.2+7-44, mixed mode, sharing, tiered, compressed oops, compressed class ptrs, g1 gc, windows-amd64)
GC Precious Log:
 CardTable entry size: 512
 Card Set container configuration: InlinePtr #cards 5 size 8 Array Of Cards #cards 12 size 40 Howl #buckets 4 coarsen threshold 1843 Howl Bitmap #cards 512 size 80 coarsen threshold 460 Card regions per heap region 1 cards per card region 2048
 CPUs: 2 total, 2 available
 Memory: 3463M
 Large Page Support: Disabled
 NUMA Support: Disabled
 Compressed Oops: Enabled (32-bit)
 Heap Region Size: 1M
 Heap Min Capacity: 8M
 Heap Initial Capacity: 56M
 Heap Max Capacity: 2G
 Pre-touch: Disabled
 Parallel Workers: 2
 Concurrent Workers: 1
 Concurrent Refinement Workers: 2
 Periodic GC: Disabled
Heap:
 garbage-first heap   total 192512K, used 121168K [0x0000000080000000, 0x0000000100000000)
  region size 1024K, 4 young (4096K), 4 survivors (4096K)
 Metaspace       used 91256K, committed 93504K, reserved 1179648K
  class space    used 12194K, committed 13376K, reserved 1048576K
GC Heap History (20 events):
Event: 20.318 GC heap after
{Heap after GC invocations=26 (full 0):
 garbage-first heap   total 192512K, used 59725K [0x0000000080000000, 0x0000000100000000)
  region size 1024K, 3 young (3072K), 3 survivors (3072K)
 Metaspace       used 38971K, committed 40320K, reserved 1114112K
  class space    used 5298K, committed 6016K, reserved 1048576K
}
Event: 26.502 GC heap before
{Heap before GC invocations=26 (full 0):
 garbage-first heap   total 192512K, used 149837K [0x0000000080000000, 0x0000000100000000)
  region size 1024K, 87 young (89088K), 3 survivors (3072K)
 Metaspace       used 46992K, committed 48576K, reserved 1114112K
  class space    used 6422K, committed 7232K, reserved 1048576K
}
Event: 26.538 GC heap after
{Heap after GC invocations=27 (full 0):
 garbage-first heap   total 192512K, used 69613K [0x0000000080000000, 0x0000000100000000)
  region size 1024K, 9 young (9216K), 9 survivors (9216K)
 Metaspace       used 46992K, committed 48576K, reserved 1114112K
  class space    used 6422K, committed 7232K, reserved 1048576K
}
Event: 40.362 GC heap before
{Heap before GC invocations=27 (full 0):
 garbage-first heap   total 192512K, used 143341K [0x0000000080000000, 0x0000000100000000)
  region size 1024K, 82 young (83968K), 9 survivors (9216K)
 Metaspace       used 53750K, committed 55488K, reserved 1114112K
  class space    used 7410K, committed 8320K, reserved 1048576K
}
Event: 40.458 GC heap after
{Heap after GC invocations=28 (full 0):
 garbage-first heap   total 192512K, used 75982K [0x0000000080000000, 0x0000000100000000)
  region size 1024K, 7 young (7168K), 7 survivors (7168K)
 Metaspace       used 53750K, committed 55488K, reserved 1114112K
  class space    used 7410K, committed 8320K, reserved 1048576K
}
Event: 41.950 GC heap before
{Heap before GC invocations=28 (full 0):
 garbage-first heap   total 192512K, used 114894K [0x0000000080000000, 0x0000000100000000)
  region size 1024K, 46 young (47104K), 7 survivors (7168K)
 Metaspace       used 59952K, committed 61696K, reserved 1114112K
  class space    used 8636K, committed 9536K, reserved 1048576K
}
Event: 41.975 GC heap after
{Heap after GC invocations=29 (full 0):
 garbage-first heap   total 192512K, used 77312K [0x0000000080000000, 0x0000000100000000)
  region size 1024K, 2 young (2048K), 2 survivors (2048K)
 Metaspace       used 59952K, committed 61696K, reserved 1114112K
  class space    used 8636K, committed 9536K, reserved 1048576K
}
Event: 45.952 GC heap before
{Heap before GC invocations=30 (full 0):
 garbage-first heap   total 192512K, used 162304K [0x0000000080000000, 0x0000000100000000)
  region size 1024K, 78 young (79872K), 2 survivors (2048K)
 Metaspace       used 70924K, committed 72832K, reserved 1114112K
  class space    used 9956K, committed 10944K, reserved 1048576K
}
Event: 46.108 GC heap after
{Heap after GC invocations=31 (full 0):
 garbage-first heap   total 192512K, used 87736K [0x0000000080000000, 0x0000000100000000)
  region size 1024K, 5 young (5120K), 5 survivors (5120K)
 Metaspace       used 70924K, committed 72832K, reserved 1114112K
  class space    used 9956K, committed 10944K, reserved 1048576K
}
Event: 46.165 GC heap before
{Heap before GC invocations=31 (full 0):
 garbage-first heap   total 192512K, used 91832K [0x0000000080000000, 0x0000000100000000)
  region size 1024K, 9 young (9216K), 5 survivors (5120K)
 Metaspace       used 70924K, committed 72832K, reserved 1114112K
  class space    used 9956K, committed 10944K, reserved 1048576K
}
Event: 46.224 GC heap after
{Heap after GC invocations=32 (full 0):
 garbage-first heap   total 192512K, used 88317K [0x0000000080000000, 0x0000000100000000)
  region size 1024K, 2 young (2048K), 2 survivors (2048K)
 Metaspace       used 70924K, committed 72832K, reserved 1114112K
  class space    used 9956K, committed 10944K, reserved 1048576K
}
Event: 50.216 GC heap before
{Heap before GC invocations=32 (full 0):
 garbage-first heap   total 192512K, used 159997K [0x0000000080000000, 0x0000000100000000)
  region size 1024K, 70 young (71680K), 2 survivors (2048K)
 Metaspace       used 71869K, committed 73664K, reserved 1114112K
  class space    used 10054K, committed 11008K, reserved 1048576K
}
Event: 50.282 GC heap after
{Heap after GC invocations=33 (full 0):
 garbage-first heap   total 192512K, used 99328K [0x0000000080000000, 0x0000000100000000)
  region size 1024K, 9 young (9216K), 9 survivors (9216K)
 Metaspace       used 71869K, committed 73664K, reserved 1114112K
  class space    used 10054K, committed 11008K, reserved 1048576K
}
Event: 52.311 GC heap before
{Heap before GC invocations=33 (full 0):
 garbage-first heap   total 192512K, used 146432K [0x0000000080000000, 0x0000000100000000)
  region size 1024K, 45 young (46080K), 9 survivors (9216K)
 Metaspace       used 76008K, committed 77888K, reserved 1179648K
  class space    used 10486K, committed 11456K, reserved 1048576K
}
Event: 52.339 GC heap after
{Heap after GC invocations=34 (full 0):
 garbage-first heap   total 192512K, used 113664K [0x0000000080000000, 0x0000000100000000)
  region size 1024K, 4 young (4096K), 4 survivors (4096K)
 Metaspace       used 76008K, committed 77888K, reserved 1179648K
  class space    used 10486K, committed 11456K, reserved 1048576K
}
Event: 54.584 GC heap before
{Heap before GC invocations=34 (full 0):
 garbage-first heap   total 192512K, used 156672K [0x0000000080000000, 0x0000000100000000)
  region size 1024K, 46 young (47104K), 4 survivors (4096K)
 Metaspace       used 81032K, committed 82944K, reserved 1179648K
  class space    used 10921K, committed 11904K, reserved 1048576K
}
Event: 54.599 GC heap after
{Heap after GC invocations=35 (full 0):
 garbage-first heap   total 192512K, used 118178K [0x0000000080000000, 0x0000000100000000)
  region size 1024K, 4 young (4096K), 4 survivors (4096K)
 Metaspace       used 81032K, committed 82944K, reserved 1179648K
  class space    used 10921K, committed 11904K, reserved 1048576K
}
Event: 57.227 GC heap before
{Heap before GC invocations=35 (full 0):
 garbage-first heap   total 192512K, used 158114K [0x0000000080000000, 0x0000000100000000)
  region size 1024K, 43 young (44032K), 4 survivors (4096K)
 Metaspace       used 85755K, committed 88000K, reserved 1179648K
  class space    used 11538K, committed 12736K, reserved 1048576K
}
Event: 57.291 GC heap after
{Heap after GC invocations=36 (full 0):
 garbage-first heap   total 192512K, used 119421K [0x0000000080000000, 0x0000000100000000)
  region size 1024K, 2 young (2048K), 2 survivors (2048K)
 Metaspace       used 85755K, committed 88000K, reserved 1179648K
  class space    used 11538K, committed 12736K, reserved 1048576K
}
Event: 61.093 GC heap before
{Heap before GC invocations=36 (full 0):
 garbage-first heap   total 192512K, used 160381K [0x0000000080000000, 0x0000000100000000)
  region size 1024K, 42 young (43008K), 2 survivors (2048K)
 Metaspace       used 91256K, committed 93504K, reserved 1179648K
  class space    used 12194K, committed 13376K, reserved 1048576K
}

